<?xml version="1.0" encoding="UTF-8"?>
<!-- Generated by org.testng.reporters.JUnitXMLReporter -->
<testsuite ignored="0" hostname="Sneha-Laptop" failures="0" tests="15" name="testrunner" time="20.966" errors="0" timestamp="2022-09-19T17:24:38 IST">
  <testcase classname="testcase.validget" name="f" time="1.728"/>
  <testcase classname="testcase.get_delayedresponse" name="f" time="3.837"/>
  <testcase classname="testcase.invalidGet_single" name="f" time="0.923"/>
  <testcase classname="testcase.invalidget_singleresource" name="f" time="1.126"/>
  <testcase classname="testcase.singleget" name="f" time="0.527"/>
  <testcase classname="testcase.validdelete" name="f" time="2.433"/>
  <testcase classname="testcase.validget_listresource" name="f" time="0.798"/>
  <testcase classname="testcase.validget_singleresource" name="f" time="0.526"/>
  <testcase classname="testcase.validpatch" name="f" time="1.051"/>
  <testcase classname="testcase.validpost" name="f" time="1.08"/>
  <testcase classname="testcase.validput" name="f" time="1.27"/>
  <testcase classname="testcase.invalidpost_login" name="f" time="2.471"/>
  <testcase classname="testcase.invalidpost_USR" name="f" time="1.017"/>
  <testcase classname="testcase.validpost_login" name="f" time="1.125"/>
  <testcase classname="testcase.validpost_RS" name="f" time="1.013"/>
</testsuite> <!-- testrunner -->
