<?xml version="1.0" encoding="UTF-8"?>
<testng-results ignored="0" total="15" passed="15" failed="0" skipped="0">
  <reporter-output>
  </reporter-output>
  <suite started-at="2022-09-19T17:24:17 IST" name="Suite" finished-at="2022-09-19T17:24:38 IST" duration-ms="20966">
    <groups>
    </groups>
    <test started-at="2022-09-19T17:24:17 IST" name="testrunner" finished-at="2022-09-19T17:24:38 IST" duration-ms="20966">
      <class name="testcase.singleget">
        <test-method signature="f()[pri:0, instance:testcase.singleget@5ae50ce6]" started-at="2022-09-19T17:24:25 IST" name="f" finished-at="2022-09-19T17:24:25 IST" duration-ms="527" status="PASS">
          <reporter-output>
          </reporter-output>
        </test-method> <!-- f -->
      </class> <!-- testcase.singleget -->
      <class name="testcase.validput">
        <test-method signature="f()[pri:0, instance:testcase.validput@3d680b5a]" started-at="2022-09-19T17:24:31 IST" name="f" finished-at="2022-09-19T17:24:32 IST" duration-ms="1270" status="PASS">
          <reporter-output>
          </reporter-output>
        </test-method> <!-- f -->
      </class> <!-- testcase.validput -->
      <class name="testcase.validpost_login">
        <test-method signature="f()[pri:0, instance:testcase.validpost_login@3c419631]" started-at="2022-09-19T17:24:36 IST" name="f" finished-at="2022-09-19T17:24:37 IST" duration-ms="1125" status="PASS">
          <reporter-output>
          </reporter-output>
        </test-method> <!-- f -->
      </class> <!-- testcase.validpost_login -->
      <class name="testcase.validpost">
        <test-method signature="f()[pri:0, instance:testcase.validpost@48e4374]" started-at="2022-09-19T17:24:30 IST" name="f" finished-at="2022-09-19T17:24:31 IST" duration-ms="1080" status="PASS">
          <reporter-output>
          </reporter-output>
        </test-method> <!-- f -->
      </class> <!-- testcase.validpost -->
      <class name="testcase.invalidpost_USR">
        <test-method signature="f()[pri:0, instance:testcase.invalidpost_USR@4a22f9e2]" started-at="2022-09-19T17:24:35 IST" name="f" finished-at="2022-09-19T17:24:36 IST" duration-ms="1017" status="PASS">
          <reporter-output>
          </reporter-output>
        </test-method> <!-- f -->
      </class> <!-- testcase.invalidpost_USR -->
      <class name="testcase.validpost_RS">
        <test-method signature="f()[pri:0, instance:testcase.validpost_RS@418e7838]" started-at="2022-09-19T17:24:37 IST" name="f" finished-at="2022-09-19T17:24:38 IST" duration-ms="1013" status="PASS">
          <reporter-output>
          </reporter-output>
        </test-method> <!-- f -->
      </class> <!-- testcase.validpost_RS -->
      <class name="testcase.get_delayedresponse">
        <test-method signature="f()[pri:0, instance:testcase.get_delayedresponse@49b0b76]" started-at="2022-09-19T17:24:19 IST" name="f" finished-at="2022-09-19T17:24:23 IST" duration-ms="3837" status="PASS">
          <reporter-output>
          </reporter-output>
        </test-method> <!-- f -->
      </class> <!-- testcase.get_delayedresponse -->
      <class name="testcase.invalidGet_single">
        <test-method signature="f()[pri:0, instance:testcase.invalidGet_single@769f71a9]" started-at="2022-09-19T17:24:23 IST" name="f" finished-at="2022-09-19T17:24:24 IST" duration-ms="923" status="PASS">
          <reporter-output>
          </reporter-output>
        </test-method> <!-- f -->
      </class> <!-- testcase.invalidGet_single -->
      <class name="testcase.validpatch">
        <test-method signature="f()[pri:0, instance:testcase.validpatch@49d904ec]" started-at="2022-09-19T17:24:29 IST" name="f" finished-at="2022-09-19T17:24:30 IST" duration-ms="1051" status="PASS">
          <reporter-output>
          </reporter-output>
        </test-method> <!-- f -->
      </class> <!-- testcase.validpatch -->
      <class name="testcase.invalidget_singleresource">
        <test-method signature="f()[pri:0, instance:testcase.invalidget_singleresource@4c9f8c13]" started-at="2022-09-19T17:24:24 IST" name="f" finished-at="2022-09-19T17:24:25 IST" duration-ms="1126" status="PASS">
          <reporter-output>
          </reporter-output>
        </test-method> <!-- f -->
      </class> <!-- testcase.invalidget_singleresource -->
      <class name="testcase.invalidpost_login">
        <test-method signature="f()[pri:0, instance:testcase.invalidpost_login@4b5d6a01]" started-at="2022-09-19T17:24:32 IST" name="f" finished-at="2022-09-19T17:24:35 IST" duration-ms="2471" status="PASS">
          <reporter-output>
          </reporter-output>
        </test-method> <!-- f -->
      </class> <!-- testcase.invalidpost_login -->
      <class name="testcase.validget_singleresource">
        <test-method signature="f()[pri:0, instance:testcase.validget_singleresource@3ba9ad43]" started-at="2022-09-19T17:24:28 IST" name="f" finished-at="2022-09-19T17:24:29 IST" duration-ms="526" status="PASS">
          <reporter-output>
          </reporter-output>
        </test-method> <!-- f -->
      </class> <!-- testcase.validget_singleresource -->
      <class name="testcase.validget_listresource">
        <test-method signature="f()[pri:0, instance:testcase.validget_listresource@be64738]" started-at="2022-09-19T17:24:28 IST" name="f" finished-at="2022-09-19T17:24:28 IST" duration-ms="798" status="PASS">
          <reporter-output>
          </reporter-output>
        </test-method> <!-- f -->
      </class> <!-- testcase.validget_listresource -->
      <class name="testcase.validdelete">
        <test-method signature="f()[pri:0, instance:testcase.validdelete@6f96c77]" started-at="2022-09-19T17:24:25 IST" name="f" finished-at="2022-09-19T17:24:28 IST" duration-ms="2433" status="PASS">
          <reporter-output>
          </reporter-output>
        </test-method> <!-- f -->
      </class> <!-- testcase.validdelete -->
      <class name="testcase.validget">
        <test-method signature="f()[pri:0, instance:testcase.validget@5223e5ee]" started-at="2022-09-19T17:24:17 IST" name="f" finished-at="2022-09-19T17:24:19 IST" duration-ms="1728" status="PASS">
          <reporter-output>
          </reporter-output>
        </test-method> <!-- f -->
      </class> <!-- testcase.validget -->
    </test> <!-- testrunner -->
  </suite> <!-- Suite -->
</testng-results>
